INFO (31/07/2023 06:37:57 PM): daytime_firefly.png comic downloaded (Line: 33 [comicEmailer.py])
INFO (31/07/2023 06:38:01 PM): daytime_firefly.png comic emailed (Line: 54 [comicEmailer.py])
INFO (01/08/2023 06:49:10 AM): moon.png comic downloaded (Line: 33 [comicEmailer.py])
INFO (01/08/2023 06:49:16 AM): moon.png comic emailed (Line: 54 [comicEmailer.py])
INFO (01/08/2023 07:11:08 AM): moon.png comic downloaded (Line: 33 [comicEmailer.py])
INFO (01/08/2023 07:11:12 AM): moon.png comic emailed (Line: 54 [comicEmailer.py])
INFO (01/08/2023 08:10:44 AM): moon.png comic downloaded (Line: 35 [comicEmailer.py])
INFO (01/08/2023 08:18:01 AM): moon.png comic downloaded (Line: 35 [comicEmailer.py])
INFO (01/08/2023 08:18:04 AM): moon.png comic emailed (Line: 56 [comicEmailer.py])
INFO (02/08/2023 06:00:02 AM): moon.png comic downloaded (Line: 35 [comicEmailer.py])
INFO (02/08/2023 06:40:14 AM): moon.png comic downloaded (Line: 35 [comicEmailer.py])
INFO (02/08/2023 02:31:16 PM): moon.png comic downloaded (Line: 35 [comicEmailer.py])
INFO (02/08/2023 02:31:34 PM): moon.png comic downloaded (Line: 35 [comicEmailer.py])
INFO (02/08/2023 02:33:26 PM): moon.png comic downloaded (Line: 35 [comicEmailer.py])
INFO (02/08/2023 02:33:30 PM): moon.png comic emailed (Line: 56 [comicEmailer.py])
INFO (02/08/2023 02:43:21 PM): moon.png comic downloaded (Line: 37 [comicEmailer.py])
INFO (02/08/2023 02:44:23 PM): moon.png comic downloaded (Line: 37 [comicEmailer.py])
INFO (02/08/2023 02:44:46 PM): moon.png comic downloaded (Line: 37 [comicEmailer.py])
INFO (02/08/2023 02:44:50 PM): moon.png comic emailed (Line: 84 [comicEmailer.py])
INFO (02/08/2023 02:45:01 PM): moon.png comic downloaded (Line: 37 [comicEmailer.py])
INFO (02/08/2023 02:45:01 PM): No new comic today (Line: 48 [comicEmailer.py])
INFO (02/08/2023 02:46:46 PM): No new comic today (Line: 48 [comicEmailer.py])
INFO (03/08/2023 06:00:02 AM): how_to_coil_a_cable.png comic downloaded (Line: 37 [comicEmailer.py])
INFO (03/08/2023 06:00:08 AM): how_to_coil_a_cable.png comic emailed (Line: 76 [comicEmailer.py])
